[2014-12-31 06:29:15] local.ERROR: exception 'InvalidArgumentException' with message 'View [index] not found.' in /home/linroid/www/sky31/radio/vendor/laravel/framework/src/Illuminate/View/FileViewFinder.php:146
Stack trace:
#0 /home/linroid/www/sky31/radio/vendor/laravel/framework/src/Illuminate/View/FileViewFinder.php(83): Illuminate\View\FileViewFinder->findInPaths('index', Array)
#1 /home/linroid/www/sky31/radio/vendor/laravel/framework/src/Illuminate/View/Factory.php(124): Illuminate\View\FileViewFinder->find('index')
#2 /home/linroid/www/sky31/radio/vendor/laravel/framework/src/Illuminate/Support/Facades/Facade.php(208): Illuminate\View\Factory->make('index')
#3 /home/linroid/www/sky31/radio/app/controllers/HomeController.php(22): Illuminate\Support\Facades\Facade::__callStatic('make', Array)
#4 /home/linroid/www/sky31/radio/app/controllers/HomeController.php(22): Illuminate\Support\Facades\View::make('index')
#5 [internal function]: HomeController->getIndex()
#6 /home/linroid/www/sky31/radio/vendor/laravel/framework/src/Illuminate/Routing/Controller.php(231): call_user_func_array(Array, Array)
#7 /home/linroid/www/sky31/radio/vendor/laravel/framework/src/Illuminate/Routing/ControllerDispatcher.php(93): Illuminate\Routing\Controller->callAction('getIndex', Array)
#8 /home/linroid/www/sky31/radio/vendor/laravel/framework/src/Illuminate/Routing/ControllerDispatcher.php(62): Illuminate\Routing\ControllerDispatcher->call(Object(HomeController), Object(Illuminate\Routing\Route), 'getIndex')
#9 /home/linroid/www/sky31/radio/vendor/laravel/framework/src/Illuminate/Routing/Router.php(962): Illuminate\Routing\ControllerDispatcher->dispatch(Object(Illuminate\Routing\Route), Object(Illuminate\Http\Request), 'HomeController', 'getIndex')
#10 [internal function]: Illuminate\Routing\Router->Illuminate\Routing\{closure}()
#11 /home/linroid/www/sky31/radio/vendor/laravel/framework/src/Illuminate/Routing/Route.php(109): call_user_func_array(Object(Closure), Array)
#12 /home/linroid/www/sky31/radio/vendor/laravel/framework/src/Illuminate/Routing/Router.php(1028): Illuminate\Routing\Route->run(Object(Illuminate\Http\Request))
#13 /home/linroid/www/sky31/radio/vendor/laravel/framework/src/Illuminate/Routing/Router.php(996): Illuminate\Routing\Router->dispatchToRoute(Object(Illuminate\Http\Request))
#14 /home/linroid/www/sky31/radio/vendor/laravel/framework/src/Illuminate/Foundation/Application.php(775): Illuminate\Routing\Router->dispatch(Object(Illuminate\Http\Request))
#15 /home/linroid/www/sky31/radio/vendor/laravel/framework/src/Illuminate/Foundation/Application.php(745): Illuminate\Foundation\Application->dispatch(Object(Illuminate\Http\Request))
#16 /home/linroid/www/sky31/radio/vendor/laravel/framework/src/Illuminate/Session/Middleware.php(72): Illuminate\Foundation\Application->handle(Object(Illuminate\Http\Request), 1, true)
#17 /home/linroid/www/sky31/radio/vendor/laravel/framework/src/Illuminate/Cookie/Queue.php(47): Illuminate\Session\Middleware->handle(Object(Illuminate\Http\Request), 1, true)
#18 /home/linroid/www/sky31/radio/vendor/laravel/framework/src/Illuminate/Cookie/Guard.php(51): Illuminate\Cookie\Queue->handle(Object(Illuminate\Http\Request), 1, true)
#19 /home/linroid/www/sky31/radio/vendor/stack/builder/src/Stack/StackedHttpKernel.php(23): Illuminate\Cookie\Guard->handle(Object(Illuminate\Http\Request), 1, true)
#20 /home/linroid/www/sky31/radio/vendor/laravel/framework/src/Illuminate/Foundation/Application.php(641): Stack\StackedHttpKernel->handle(Object(Illuminate\Http\Request))
#21 /home/linroid/www/sky31/radio/public/index.php(49): Illuminate\Foundation\Application->run()
#22 /home/linroid/www/sky31/radio/server.php(20): require_once('/home/linroid/w...')
#23 {main} [] []
[2014-12-31 20:34:08] local.ERROR: exception 'Way\Generators\InvalidMigrationName' with message 'Please rewrite your migration name to begin with "create", "add", "remove", or "delete."' in /home/linroid/www/sky31/radio/vendor/way/generators/src/Way/Generators/SchemaCreator.php:83
Stack trace:
#0 /home/linroid/www/sky31/radio/vendor/way/generators/src/Way/Generators/SchemaCreator.php(43): Way\Generators\SchemaCreator->guardAction('rename')
#1 /home/linroid/www/sky31/radio/vendor/way/generators/src/Way/Generators/Commands/MigrationGeneratorCommand.php(118): Way\Generators\SchemaCreator->up(Array, Array)
#2 /home/linroid/www/sky31/radio/vendor/way/generators/src/Way/Generators/Commands/GeneratorCommand.php(59): Way\Generators\Commands\MigrationGeneratorCommand->getTemplateData()
#3 /home/linroid/www/sky31/radio/vendor/way/generators/src/Way/Generators/Commands/MigrationGeneratorCommand.php(68): Way\Generators\Commands\GeneratorCommand->fire()
#4 /home/linroid/www/sky31/radio/vendor/laravel/framework/src/Illuminate/Console/Command.php(112): Way\Generators\Commands\MigrationGeneratorCommand->fire()
#5 /home/linroid/www/sky31/radio/vendor/symfony/console/Symfony/Component/Console/Command/Command.php(252): Illuminate\Console\Command->execute(Object(Symfony\Component\Console\Input\ArgvInput), Object(Symfony\Component\Console\Output\ConsoleOutput))
#6 /home/linroid/www/sky31/radio/vendor/laravel/framework/src/Illuminate/Console/Command.php(100): Symfony\Component\Console\Command\Command->run(Object(Symfony\Component\Console\Input\ArgvInput), Object(Symfony\Component\Console\Output\ConsoleOutput))
#7 /home/linroid/www/sky31/radio/vendor/symfony/console/Symfony/Component/Console/Application.php(889): Illuminate\Console\Command->run(Object(Symfony\Component\Console\Input\ArgvInput), Object(Symfony\Component\Console\Output\ConsoleOutput))
#8 /home/linroid/www/sky31/radio/vendor/symfony/console/Symfony/Component/Console/Application.php(193): Symfony\Component\Console\Application->doRunCommand(Object(Way\Generators\Commands\MigrationGeneratorCommand), Object(Symfony\Component\Console\Input\ArgvInput), Object(Symfony\Component\Console\Output\ConsoleOutput))
#9 /home/linroid/www/sky31/radio/vendor/symfony/console/Symfony/Component/Console/Application.php(124): Symfony\Component\Console\Application->doRun(Object(Symfony\Component\Console\Input\ArgvInput), Object(Symfony\Component\Console\Output\ConsoleOutput))
#10 /home/linroid/www/sky31/radio/artisan(59): Symfony\Component\Console\Application->run()
#11 {main} [] []
[2014-12-31 21:00:43] local.ERROR: exception 'InvalidArgumentException' with message 'View [index] not found.' in /home/linroid/www/sky31/radio/vendor/laravel/framework/src/Illuminate/View/FileViewFinder.php:146
Stack trace:
#0 /home/linroid/www/sky31/radio/vendor/laravel/framework/src/Illuminate/View/FileViewFinder.php(83): Illuminate\View\FileViewFinder->findInPaths('index', Array)
#1 /home/linroid/www/sky31/radio/vendor/laravel/framework/src/Illuminate/View/Factory.php(124): Illuminate\View\FileViewFinder->find('index')
#2 /home/linroid/www/sky31/radio/vendor/laravel/framework/src/Illuminate/Support/Facades/Facade.php(208): Illuminate\View\Factory->make('index')
#3 /home/linroid/www/sky31/radio/app/controllers/HomeController.php(22): Illuminate\Support\Facades\Facade::__callStatic('make', Array)
#4 /home/linroid/www/sky31/radio/app/controllers/HomeController.php(22): Illuminate\Support\Facades\View::make('index')
#5 [internal function]: HomeController->getIndex()
#6 /home/linroid/www/sky31/radio/vendor/laravel/framework/src/Illuminate/Routing/Controller.php(231): call_user_func_array(Array, Array)
#7 /home/linroid/www/sky31/radio/vendor/laravel/framework/src/Illuminate/Routing/ControllerDispatcher.php(93): Illuminate\Routing\Controller->callAction('getIndex', Array)
#8 /home/linroid/www/sky31/radio/vendor/laravel/framework/src/Illuminate/Routing/ControllerDispatcher.php(62): Illuminate\Routing\ControllerDispatcher->call(Object(HomeController), Object(Illuminate\Routing\Route), 'getIndex')
#9 /home/linroid/www/sky31/radio/vendor/laravel/framework/src/Illuminate/Routing/Router.php(962): Illuminate\Routing\ControllerDispatcher->dispatch(Object(Illuminate\Routing\Route), Object(Illuminate\Http\Request), 'HomeController', 'getIndex')
#10 [internal function]: Illuminate\Routing\Router->Illuminate\Routing\{closure}()
#11 /home/linroid/www/sky31/radio/vendor/laravel/framework/src/Illuminate/Routing/Route.php(109): call_user_func_array(Object(Closure), Array)
#12 /home/linroid/www/sky31/radio/vendor/laravel/framework/src/Illuminate/Routing/Router.php(1028): Illuminate\Routing\Route->run(Object(Illuminate\Http\Request))
#13 /home/linroid/www/sky31/radio/vendor/laravel/framework/src/Illuminate/Routing/Router.php(996): Illuminate\Routing\Router->dispatchToRoute(Object(Illuminate\Http\Request))
#14 /home/linroid/www/sky31/radio/vendor/laravel/framework/src/Illuminate/Foundation/Application.php(775): Illuminate\Routing\Router->dispatch(Object(Illuminate\Http\Request))
#15 /home/linroid/www/sky31/radio/vendor/laravel/framework/src/Illuminate/Foundation/Application.php(745): Illuminate\Foundation\Application->dispatch(Object(Illuminate\Http\Request))
#16 /home/linroid/www/sky31/radio/vendor/laravel/framework/src/Illuminate/Session/Middleware.php(72): Illuminate\Foundation\Application->handle(Object(Illuminate\Http\Request), 1, true)
#17 /home/linroid/www/sky31/radio/vendor/laravel/framework/src/Illuminate/Cookie/Queue.php(47): Illuminate\Session\Middleware->handle(Object(Illuminate\Http\Request), 1, true)
#18 /home/linroid/www/sky31/radio/vendor/laravel/framework/src/Illuminate/Cookie/Guard.php(51): Illuminate\Cookie\Queue->handle(Object(Illuminate\Http\Request), 1, true)
#19 /home/linroid/www/sky31/radio/vendor/stack/builder/src/Stack/StackedHttpKernel.php(23): Illuminate\Cookie\Guard->handle(Object(Illuminate\Http\Request), 1, true)
#20 /home/linroid/www/sky31/radio/vendor/laravel/framework/src/Illuminate/Foundation/Application.php(641): Stack\StackedHttpKernel->handle(Object(Illuminate\Http\Request))
#21 /home/linroid/www/sky31/radio/public/index.php(49): Illuminate\Foundation\Application->run()
#22 /home/linroid/www/sky31/radio/server.php(20): require_once('/home/linroid/w...')
#23 {main} [] []
[2014-12-31 21:01:01] local.ERROR: exception 'Symfony\Component\HttpKernel\Exception\NotFoundHttpException' with message 'Controller method not found.' in /home/linroid/www/sky31/radio/vendor/laravel/framework/src/Illuminate/Routing/Controller.php:254
Stack trace:
#0 [internal function]: Illuminate\Routing\Controller->missingMethod(Array)
#1 /home/linroid/www/sky31/radio/vendor/laravel/framework/src/Illuminate/Routing/Controller.php(231): call_user_func_array(Array, Array)
#2 /home/linroid/www/sky31/radio/vendor/laravel/framework/src/Illuminate/Routing/ControllerDispatcher.php(93): Illuminate\Routing\Controller->callAction('missingMethod', Array)
#3 /home/linroid/www/sky31/radio/vendor/laravel/framework/src/Illuminate/Routing/ControllerDispatcher.php(62): Illuminate\Routing\ControllerDispatcher->call(Object(HomeController), Object(Illuminate\Routing\Route), 'missingMethod')
#4 /home/linroid/www/sky31/radio/vendor/laravel/framework/src/Illuminate/Routing/Router.php(962): Illuminate\Routing\ControllerDispatcher->dispatch(Object(Illuminate\Routing\Route), Object(Illuminate\Http\Request), 'HomeController', 'missingMethod')
#5 [internal function]: Illuminate\Routing\Router->Illuminate\Routing\{closure}(Array)
#6 /home/linroid/www/sky31/radio/vendor/laravel/framework/src/Illuminate/Routing/Route.php(109): call_user_func_array(Object(Closure), Array)
#7 /home/linroid/www/sky31/radio/vendor/laravel/framework/src/Illuminate/Routing/Router.php(1028): Illuminate\Routing\Route->run(Object(Illuminate\Http\Request))
#8 /home/linroid/www/sky31/radio/vendor/laravel/framework/src/Illuminate/Routing/Router.php(996): Illuminate\Routing\Router->dispatchToRoute(Object(Illuminate\Http\Request))
#9 /home/linroid/www/sky31/radio/vendor/laravel/framework/src/Illuminate/Foundation/Application.php(775): Illuminate\Routing\Router->dispatch(Object(Illuminate\Http\Request))
#10 /home/linroid/www/sky31/radio/vendor/laravel/framework/src/Illuminate/Foundation/Application.php(745): Illuminate\Foundation\Application->dispatch(Object(Illuminate\Http\Request))
#11 /home/linroid/www/sky31/radio/vendor/laravel/framework/src/Illuminate/Session/Middleware.php(72): Illuminate\Foundation\Application->handle(Object(Illuminate\Http\Request), 1, true)
#12 /home/linroid/www/sky31/radio/vendor/laravel/framework/src/Illuminate/Cookie/Queue.php(47): Illuminate\Session\Middleware->handle(Object(Illuminate\Http\Request), 1, true)
#13 /home/linroid/www/sky31/radio/vendor/laravel/framework/src/Illuminate/Cookie/Guard.php(51): Illuminate\Cookie\Queue->handle(Object(Illuminate\Http\Request), 1, true)
#14 /home/linroid/www/sky31/radio/vendor/stack/builder/src/Stack/StackedHttpKernel.php(23): Illuminate\Cookie\Guard->handle(Object(Illuminate\Http\Request), 1, true)
#15 /home/linroid/www/sky31/radio/vendor/laravel/framework/src/Illuminate/Foundation/Application.php(641): Stack\StackedHttpKernel->handle(Object(Illuminate\Http\Request))
#16 /home/linroid/www/sky31/radio/public/index.php(49): Illuminate\Foundation\Application->run()
#17 /home/linroid/www/sky31/radio/server.php(20): require_once('/home/linroid/w...')
#18 {main} [] []
[2014-12-31 21:02:27] local.ERROR: exception 'Symfony\Component\HttpKernel\Exception\NotFoundHttpException' with message 'Controller method not found.' in /home/linroid/www/sky31/radio/vendor/laravel/framework/src/Illuminate/Routing/Controller.php:254
Stack trace:
#0 [internal function]: Illuminate\Routing\Controller->missingMethod(Array)
#1 /home/linroid/www/sky31/radio/vendor/laravel/framework/src/Illuminate/Routing/Controller.php(231): call_user_func_array(Array, Array)
#2 /home/linroid/www/sky31/radio/vendor/laravel/framework/src/Illuminate/Routing/ControllerDispatcher.php(93): Illuminate\Routing\Controller->callAction('missingMethod', Array)
#3 /home/linroid/www/sky31/radio/vendor/laravel/framework/src/Illuminate/Routing/ControllerDispatcher.php(62): Illuminate\Routing\ControllerDispatcher->call(Object(HomeController), Object(Illuminate\Routing\Route), 'missingMethod')
#4 /home/linroid/www/sky31/radio/vendor/laravel/framework/src/Illuminate/Routing/Router.php(962): Illuminate\Routing\ControllerDispatcher->dispatch(Object(Illuminate\Routing\Route), Object(Illuminate\Http\Request), 'HomeController', 'missingMethod')
#5 [internal function]: Illuminate\Routing\Router->Illuminate\Routing\{closure}(Array)
#6 /home/linroid/www/sky31/radio/vendor/laravel/framework/src/Illuminate/Routing/Route.php(109): call_user_func_array(Object(Closure), Array)
#7 /home/linroid/www/sky31/radio/vendor/laravel/framework/src/Illuminate/Routing/Router.php(1028): Illuminate\Routing\Route->run(Object(Illuminate\Http\Request))
#8 /home/linroid/www/sky31/radio/vendor/laravel/framework/src/Illuminate/Routing/Router.php(996): Illuminate\Routing\Router->dispatchToRoute(Object(Illuminate\Http\Request))
#9 /home/linroid/www/sky31/radio/vendor/laravel/framework/src/Illuminate/Foundation/Application.php(775): Illuminate\Routing\Router->dispatch(Object(Illuminate\Http\Request))
#10 /home/linroid/www/sky31/radio/vendor/laravel/framework/src/Illuminate/Foundation/Application.php(745): Illuminate\Foundation\Application->dispatch(Object(Illuminate\Http\Request))
#11 /home/linroid/www/sky31/radio/vendor/laravel/framework/src/Illuminate/Session/Middleware.php(72): Illuminate\Foundation\Application->handle(Object(Illuminate\Http\Request), 1, true)
#12 /home/linroid/www/sky31/radio/vendor/laravel/framework/src/Illuminate/Cookie/Queue.php(47): Illuminate\Session\Middleware->handle(Object(Illuminate\Http\Request), 1, true)
#13 /home/linroid/www/sky31/radio/vendor/laravel/framework/src/Illuminate/Cookie/Guard.php(51): Illuminate\Cookie\Queue->handle(Object(Illuminate\Http\Request), 1, true)
#14 /home/linroid/www/sky31/radio/vendor/stack/builder/src/Stack/StackedHttpKernel.php(23): Illuminate\Cookie\Guard->handle(Object(Illuminate\Http\Request), 1, true)
#15 /home/linroid/www/sky31/radio/vendor/laravel/framework/src/Illuminate/Foundation/Application.php(641): Stack\StackedHttpKernel->handle(Object(Illuminate\Http\Request))
#16 /home/linroid/www/sky31/radio/public/index.php(49): Illuminate\Foundation\Application->run()
#17 /home/linroid/www/sky31/radio/server.php(20): require_once('/home/linroid/w...')
#18 {main} [] []
[2014-12-31 21:02:35] local.ERROR: exception 'Symfony\Component\HttpKernel\Exception\NotFoundHttpException' with message 'Controller method not found.' in /home/linroid/www/sky31/radio/vendor/laravel/framework/src/Illuminate/Routing/Controller.php:254
Stack trace:
#0 [internal function]: Illuminate\Routing\Controller->missingMethod(Array)
#1 /home/linroid/www/sky31/radio/vendor/laravel/framework/src/Illuminate/Routing/Controller.php(231): call_user_func_array(Array, Array)
#2 /home/linroid/www/sky31/radio/vendor/laravel/framework/src/Illuminate/Routing/ControllerDispatcher.php(93): Illuminate\Routing\Controller->callAction('missingMethod', Array)
#3 /home/linroid/www/sky31/radio/vendor/laravel/framework/src/Illuminate/Routing/ControllerDispatcher.php(62): Illuminate\Routing\ControllerDispatcher->call(Object(HomeController), Object(Illuminate\Routing\Route), 'missingMethod')
#4 /home/linroid/www/sky31/radio/vendor/laravel/framework/src/Illuminate/Routing/Router.php(962): Illuminate\Routing\ControllerDispatcher->dispatch(Object(Illuminate\Routing\Route), Object(Illuminate\Http\Request), 'HomeController', 'missingMethod')
#5 [internal function]: Illuminate\Routing\Router->Illuminate\Routing\{closure}(Array)
#6 /home/linroid/www/sky31/radio/vendor/laravel/framework/src/Illuminate/Routing/Route.php(109): call_user_func_array(Object(Closure), Array)
#7 /home/linroid/www/sky31/radio/vendor/laravel/framework/src/Illuminate/Routing/Router.php(1028): Illuminate\Routing\Route->run(Object(Illuminate\Http\Request))
#8 /home/linroid/www/sky31/radio/vendor/laravel/framework/src/Illuminate/Routing/Router.php(996): Illuminate\Routing\Router->dispatchToRoute(Object(Illuminate\Http\Request))
#9 /home/linroid/www/sky31/radio/vendor/laravel/framework/src/Illuminate/Foundation/Application.php(775): Illuminate\Routing\Router->dispatch(Object(Illuminate\Http\Request))
#10 /home/linroid/www/sky31/radio/vendor/laravel/framework/src/Illuminate/Foundation/Application.php(745): Illuminate\Foundation\Application->dispatch(Object(Illuminate\Http\Request))
#11 /home/linroid/www/sky31/radio/vendor/laravel/framework/src/Illuminate/Session/Middleware.php(72): Illuminate\Foundation\Application->handle(Object(Illuminate\Http\Request), 1, true)
#12 /home/linroid/www/sky31/radio/vendor/laravel/framework/src/Illuminate/Cookie/Queue.php(47): Illuminate\Session\Middleware->handle(Object(Illuminate\Http\Request), 1, true)
#13 /home/linroid/www/sky31/radio/vendor/laravel/framework/src/Illuminate/Cookie/Guard.php(51): Illuminate\Cookie\Queue->handle(Object(Illuminate\Http\Request), 1, true)
#14 /home/linroid/www/sky31/radio/vendor/stack/builder/src/Stack/StackedHttpKernel.php(23): Illuminate\Cookie\Guard->handle(Object(Illuminate\Http\Request), 1, true)
#15 /home/linroid/www/sky31/radio/vendor/laravel/framework/src/Illuminate/Foundation/Application.php(641): Stack\StackedHttpKernel->handle(Object(Illuminate\Http\Request))
#16 /home/linroid/www/sky31/radio/public/index.php(49): Illuminate\Foundation\Application->run()
#17 /home/linroid/www/sky31/radio/server.php(20): require_once('/home/linroid/w...')
#18 {main} [] []
[2014-12-31 21:03:58] local.ERROR: exception 'Symfony\Component\HttpKernel\Exception\NotFoundHttpException' with message 'Controller method not found.' in /home/linroid/www/sky31/radio/vendor/laravel/framework/src/Illuminate/Routing/Controller.php:254
Stack trace:
#0 [internal function]: Illuminate\Routing\Controller->missingMethod(Array)
#1 /home/linroid/www/sky31/radio/vendor/laravel/framework/src/Illuminate/Routing/Controller.php(231): call_user_func_array(Array, Array)
#2 /home/linroid/www/sky31/radio/vendor/laravel/framework/src/Illuminate/Routing/ControllerDispatcher.php(93): Illuminate\Routing\Controller->callAction('missingMethod', Array)
#3 /home/linroid/www/sky31/radio/vendor/laravel/framework/src/Illuminate/Routing/ControllerDispatcher.php(62): Illuminate\Routing\ControllerDispatcher->call(Object(HomeController), Object(Illuminate\Routing\Route), 'missingMethod')
#4 /home/linroid/www/sky31/radio/vendor/laravel/framework/src/Illuminate/Routing/Router.php(962): Illuminate\Routing\ControllerDispatcher->dispatch(Object(Illuminate\Routing\Route), Object(Illuminate\Http\Request), 'HomeController', 'missingMethod')
#5 [internal function]: Illuminate\Routing\Router->Illuminate\Routing\{closure}(Array)
#6 /home/linroid/www/sky31/radio/vendor/laravel/framework/src/Illuminate/Routing/Route.php(109): call_user_func_array(Object(Closure), Array)
#7 /home/linroid/www/sky31/radio/vendor/laravel/framework/src/Illuminate/Routing/Router.php(1028): Illuminate\Routing\Route->run(Object(Illuminate\Http\Request))
#8 /home/linroid/www/sky31/radio/vendor/laravel/framework/src/Illuminate/Routing/Router.php(996): Illuminate\Routing\Router->dispatchToRoute(Object(Illuminate\Http\Request))
#9 /home/linroid/www/sky31/radio/vendor/laravel/framework/src/Illuminate/Foundation/Application.php(775): Illuminate\Routing\Router->dispatch(Object(Illuminate\Http\Request))
#10 /home/linroid/www/sky31/radio/vendor/laravel/framework/src/Illuminate/Foundation/Application.php(745): Illuminate\Foundation\Application->dispatch(Object(Illuminate\Http\Request))
#11 /home/linroid/www/sky31/radio/vendor/laravel/framework/src/Illuminate/Session/Middleware.php(72): Illuminate\Foundation\Application->handle(Object(Illuminate\Http\Request), 1, true)
#12 /home/linroid/www/sky31/radio/vendor/laravel/framework/src/Illuminate/Cookie/Queue.php(47): Illuminate\Session\Middleware->handle(Object(Illuminate\Http\Request), 1, true)
#13 /home/linroid/www/sky31/radio/vendor/laravel/framework/src/Illuminate/Cookie/Guard.php(51): Illuminate\Cookie\Queue->handle(Object(Illuminate\Http\Request), 1, true)
#14 /home/linroid/www/sky31/radio/vendor/stack/builder/src/Stack/StackedHttpKernel.php(23): Illuminate\Cookie\Guard->handle(Object(Illuminate\Http\Request), 1, true)
#15 /home/linroid/www/sky31/radio/vendor/laravel/framework/src/Illuminate/Foundation/Application.php(641): Stack\StackedHttpKernel->handle(Object(Illuminate\Http\Request))
#16 /home/linroid/www/sky31/radio/public/index.php(49): Illuminate\Foundation\Application->run()
#17 /home/linroid/www/sky31/radio/server.php(20): require_once('/home/linroid/w...')
#18 {main} [] []
[2014-12-31 21:03:59] local.ERROR: exception 'Symfony\Component\HttpKernel\Exception\NotFoundHttpException' with message 'Controller method not found.' in /home/linroid/www/sky31/radio/vendor/laravel/framework/src/Illuminate/Routing/Controller.php:254
Stack trace:
#0 [internal function]: Illuminate\Routing\Controller->missingMethod(Array)
#1 /home/linroid/www/sky31/radio/vendor/laravel/framework/src/Illuminate/Routing/Controller.php(231): call_user_func_array(Array, Array)
#2 /home/linroid/www/sky31/radio/vendor/laravel/framework/src/Illuminate/Routing/ControllerDispatcher.php(93): Illuminate\Routing\Controller->callAction('missingMethod', Array)
#3 /home/linroid/www/sky31/radio/vendor/laravel/framework/src/Illuminate/Routing/ControllerDispatcher.php(62): Illuminate\Routing\ControllerDispatcher->call(Object(HomeController), Object(Illuminate\Routing\Route), 'missingMethod')
#4 /home/linroid/www/sky31/radio/vendor/laravel/framework/src/Illuminate/Routing/Router.php(962): Illuminate\Routing\ControllerDispatcher->dispatch(Object(Illuminate\Routing\Route), Object(Illuminate\Http\Request), 'HomeController', 'missingMethod')
#5 [internal function]: Illuminate\Routing\Router->Illuminate\Routing\{closure}(Array)
#6 /home/linroid/www/sky31/radio/vendor/laravel/framework/src/Illuminate/Routing/Route.php(109): call_user_func_array(Object(Closure), Array)
#7 /home/linroid/www/sky31/radio/vendor/laravel/framework/src/Illuminate/Routing/Router.php(1028): Illuminate\Routing\Route->run(Object(Illuminate\Http\Request))
#8 /home/linroid/www/sky31/radio/vendor/laravel/framework/src/Illuminate/Routing/Router.php(996): Illuminate\Routing\Router->dispatchToRoute(Object(Illuminate\Http\Request))
#9 /home/linroid/www/sky31/radio/vendor/laravel/framework/src/Illuminate/Foundation/Application.php(775): Illuminate\Routing\Router->dispatch(Object(Illuminate\Http\Request))
#10 /home/linroid/www/sky31/radio/vendor/laravel/framework/src/Illuminate/Foundation/Application.php(745): Illuminate\Foundation\Application->dispatch(Object(Illuminate\Http\Request))
#11 /home/linroid/www/sky31/radio/vendor/laravel/framework/src/Illuminate/Session/Middleware.php(72): Illuminate\Foundation\Application->handle(Object(Illuminate\Http\Request), 1, true)
#12 /home/linroid/www/sky31/radio/vendor/laravel/framework/src/Illuminate/Cookie/Queue.php(47): Illuminate\Session\Middleware->handle(Object(Illuminate\Http\Request), 1, true)
#13 /home/linroid/www/sky31/radio/vendor/laravel/framework/src/Illuminate/Cookie/Guard.php(51): Illuminate\Cookie\Queue->handle(Object(Illuminate\Http\Request), 1, true)
#14 /home/linroid/www/sky31/radio/vendor/stack/builder/src/Stack/StackedHttpKernel.php(23): Illuminate\Cookie\Guard->handle(Object(Illuminate\Http\Request), 1, true)
#15 /home/linroid/www/sky31/radio/vendor/laravel/framework/src/Illuminate/Foundation/Application.php(641): Stack\StackedHttpKernel->handle(Object(Illuminate\Http\Request))
#16 /home/linroid/www/sky31/radio/public/index.php(49): Illuminate\Foundation\Application->run()
#17 /home/linroid/www/sky31/radio/server.php(20): require_once('/home/linroid/w...')
#18 {main} [] []
[2014-12-31 21:04:00] local.ERROR: exception 'Symfony\Component\HttpKernel\Exception\NotFoundHttpException' with message 'Controller method not found.' in /home/linroid/www/sky31/radio/vendor/laravel/framework/src/Illuminate/Routing/Controller.php:254
Stack trace:
#0 [internal function]: Illuminate\Routing\Controller->missingMethod(Array)
#1 /home/linroid/www/sky31/radio/vendor/laravel/framework/src/Illuminate/Routing/Controller.php(231): call_user_func_array(Array, Array)
#2 /home/linroid/www/sky31/radio/vendor/laravel/framework/src/Illuminate/Routing/ControllerDispatcher.php(93): Illuminate\Routing\Controller->callAction('missingMethod', Array)
#3 /home/linroid/www/sky31/radio/vendor/laravel/framework/src/Illuminate/Routing/ControllerDispatcher.php(62): Illuminate\Routing\ControllerDispatcher->call(Object(HomeController), Object(Illuminate\Routing\Route), 'missingMethod')
#4 /home/linroid/www/sky31/radio/vendor/laravel/framework/src/Illuminate/Routing/Router.php(962): Illuminate\Routing\ControllerDispatcher->dispatch(Object(Illuminate\Routing\Route), Object(Illuminate\Http\Request), 'HomeController', 'missingMethod')
#5 [internal function]: Illuminate\Routing\Router->Illuminate\Routing\{closure}(Array)
#6 /home/linroid/www/sky31/radio/vendor/laravel/framework/src/Illuminate/Routing/Route.php(109): call_user_func_array(Object(Closure), Array)
#7 /home/linroid/www/sky31/radio/vendor/laravel/framework/src/Illuminate/Routing/Router.php(1028): Illuminate\Routing\Route->run(Object(Illuminate\Http\Request))
#8 /home/linroid/www/sky31/radio/vendor/laravel/framework/src/Illuminate/Routing/Router.php(996): Illuminate\Routing\Router->dispatchToRoute(Object(Illuminate\Http\Request))
#9 /home/linroid/www/sky31/radio/vendor/laravel/framework/src/Illuminate/Foundation/Application.php(775): Illuminate\Routing\Router->dispatch(Object(Illuminate\Http\Request))
#10 /home/linroid/www/sky31/radio/vendor/laravel/framework/src/Illuminate/Foundation/Application.php(745): Illuminate\Foundation\Application->dispatch(Object(Illuminate\Http\Request))
#11 /home/linroid/www/sky31/radio/vendor/laravel/framework/src/Illuminate/Session/Middleware.php(72): Illuminate\Foundation\Application->handle(Object(Illuminate\Http\Request), 1, true)
#12 /home/linroid/www/sky31/radio/vendor/laravel/framework/src/Illuminate/Cookie/Queue.php(47): Illuminate\Session\Middleware->handle(Object(Illuminate\Http\Request), 1, true)
#13 /home/linroid/www/sky31/radio/vendor/laravel/framework/src/Illuminate/Cookie/Guard.php(51): Illuminate\Cookie\Queue->handle(Object(Illuminate\Http\Request), 1, true)
#14 /home/linroid/www/sky31/radio/vendor/stack/builder/src/Stack/StackedHttpKernel.php(23): Illuminate\Cookie\Guard->handle(Object(Illuminate\Http\Request), 1, true)
#15 /home/linroid/www/sky31/radio/vendor/laravel/framework/src/Illuminate/Foundation/Application.php(641): Stack\StackedHttpKernel->handle(Object(Illuminate\Http\Request))
#16 /home/linroid/www/sky31/radio/public/index.php(49): Illuminate\Foundation\Application->run()
#17 /home/linroid/www/sky31/radio/server.php(20): require_once('/home/linroid/w...')
#18 {main} [] []
[2014-12-31 21:04:02] local.ERROR: exception 'Symfony\Component\HttpKernel\Exception\NotFoundHttpException' with message 'Controller method not found.' in /home/linroid/www/sky31/radio/vendor/laravel/framework/src/Illuminate/Routing/Controller.php:254
Stack trace:
#0 [internal function]: Illuminate\Routing\Controller->missingMethod(Array)
#1 /home/linroid/www/sky31/radio/vendor/laravel/framework/src/Illuminate/Routing/Controller.php(231): call_user_func_array(Array, Array)
#2 /home/linroid/www/sky31/radio/vendor/laravel/framework/src/Illuminate/Routing/ControllerDispatcher.php(93): Illuminate\Routing\Controller->callAction('missingMethod', Array)
#3 /home/linroid/www/sky31/radio/vendor/laravel/framework/src/Illuminate/Routing/ControllerDispatcher.php(62): Illuminate\Routing\ControllerDispatcher->call(Object(HomeController), Object(Illuminate\Routing\Route), 'missingMethod')
#4 /home/linroid/www/sky31/radio/vendor/laravel/framework/src/Illuminate/Routing/Router.php(962): Illuminate\Routing\ControllerDispatcher->dispatch(Object(Illuminate\Routing\Route), Object(Illuminate\Http\Request), 'HomeController', 'missingMethod')
#5 [internal function]: Illuminate\Routing\Router->Illuminate\Routing\{closure}(Array)
#6 /home/linroid/www/sky31/radio/vendor/laravel/framework/src/Illuminate/Routing/Route.php(109): call_user_func_array(Object(Closure), Array)
#7 /home/linroid/www/sky31/radio/vendor/laravel/framework/src/Illuminate/Routing/Router.php(1028): Illuminate\Routing\Route->run(Object(Illuminate\Http\Request))
#8 /home/linroid/www/sky31/radio/vendor/laravel/framework/src/Illuminate/Routing/Router.php(996): Illuminate\Routing\Router->dispatchToRoute(Object(Illuminate\Http\Request))
#9 /home/linroid/www/sky31/radio/vendor/laravel/framework/src/Illuminate/Foundation/Application.php(775): Illuminate\Routing\Router->dispatch(Object(Illuminate\Http\Request))
#10 /home/linroid/www/sky31/radio/vendor/laravel/framework/src/Illuminate/Foundation/Application.php(745): Illuminate\Foundation\Application->dispatch(Object(Illuminate\Http\Request))
#11 /home/linroid/www/sky31/radio/vendor/laravel/framework/src/Illuminate/Session/Middleware.php(72): Illuminate\Foundation\Application->handle(Object(Illuminate\Http\Request), 1, true)
#12 /home/linroid/www/sky31/radio/vendor/laravel/framework/src/Illuminate/Cookie/Queue.php(47): Illuminate\Session\Middleware->handle(Object(Illuminate\Http\Request), 1, true)
#13 /home/linroid/www/sky31/radio/vendor/laravel/framework/src/Illuminate/Cookie/Guard.php(51): Illuminate\Cookie\Queue->handle(Object(Illuminate\Http\Request), 1, true)
#14 /home/linroid/www/sky31/radio/vendor/stack/builder/src/Stack/StackedHttpKernel.php(23): Illuminate\Cookie\Guard->handle(Object(Illuminate\Http\Request), 1, true)
#15 /home/linroid/www/sky31/radio/vendor/laravel/framework/src/Illuminate/Foundation/Application.php(641): Stack\StackedHttpKernel->handle(Object(Illuminate\Http\Request))
#16 /home/linroid/www/sky31/radio/public/index.php(49): Illuminate\Foundation\Application->run()
#17 /home/linroid/www/sky31/radio/server.php(20): require_once('/home/linroid/w...')
#18 {main} [] []
[2014-12-31 21:04:03] local.ERROR: exception 'Symfony\Component\HttpKernel\Exception\NotFoundHttpException' with message 'Controller method not found.' in /home/linroid/www/sky31/radio/vendor/laravel/framework/src/Illuminate/Routing/Controller.php:254
Stack trace:
#0 [internal function]: Illuminate\Routing\Controller->missingMethod(Array)
#1 /home/linroid/www/sky31/radio/vendor/laravel/framework/src/Illuminate/Routing/Controller.php(231): call_user_func_array(Array, Array)
#2 /home/linroid/www/sky31/radio/vendor/laravel/framework/src/Illuminate/Routing/ControllerDispatcher.php(93): Illuminate\Routing\Controller->callAction('missingMethod', Array)
#3 /home/linroid/www/sky31/radio/vendor/laravel/framework/src/Illuminate/Routing/ControllerDispatcher.php(62): Illuminate\Routing\ControllerDispatcher->call(Object(HomeController), Object(Illuminate\Routing\Route), 'missingMethod')
#4 /home/linroid/www/sky31/radio/vendor/laravel/framework/src/Illuminate/Routing/Router.php(962): Illuminate\Routing\ControllerDispatcher->dispatch(Object(Illuminate\Routing\Route), Object(Illuminate\Http\Request), 'HomeController', 'missingMethod')
#5 [internal function]: Illuminate\Routing\Router->Illuminate\Routing\{closure}(Array)
#6 /home/linroid/www/sky31/radio/vendor/laravel/framework/src/Illuminate/Routing/Route.php(109): call_user_func_array(Object(Closure), Array)
#7 /home/linroid/www/sky31/radio/vendor/laravel/framework/src/Illuminate/Routing/Router.php(1028): Illuminate\Routing\Route->run(Object(Illuminate\Http\Request))
#8 /home/linroid/www/sky31/radio/vendor/laravel/framework/src/Illuminate/Routing/Router.php(996): Illuminate\Routing\Router->dispatchToRoute(Object(Illuminate\Http\Request))
#9 /home/linroid/www/sky31/radio/vendor/laravel/framework/src/Illuminate/Foundation/Application.php(775): Illuminate\Routing\Router->dispatch(Object(Illuminate\Http\Request))
#10 /home/linroid/www/sky31/radio/vendor/laravel/framework/src/Illuminate/Foundation/Application.php(745): Illuminate\Foundation\Application->dispatch(Object(Illuminate\Http\Request))
#11 /home/linroid/www/sky31/radio/vendor/laravel/framework/src/Illuminate/Session/Middleware.php(72): Illuminate\Foundation\Application->handle(Object(Illuminate\Http\Request), 1, true)
#12 /home/linroid/www/sky31/radio/vendor/laravel/framework/src/Illuminate/Cookie/Queue.php(47): Illuminate\Session\Middleware->handle(Object(Illuminate\Http\Request), 1, true)
#13 /home/linroid/www/sky31/radio/vendor/laravel/framework/src/Illuminate/Cookie/Guard.php(51): Illuminate\Cookie\Queue->handle(Object(Illuminate\Http\Request), 1, true)
#14 /home/linroid/www/sky31/radio/vendor/stack/builder/src/Stack/StackedHttpKernel.php(23): Illuminate\Cookie\Guard->handle(Object(Illuminate\Http\Request), 1, true)
#15 /home/linroid/www/sky31/radio/vendor/laravel/framework/src/Illuminate/Foundation/Application.php(641): Stack\StackedHttpKernel->handle(Object(Illuminate\Http\Request))
#16 /home/linroid/www/sky31/radio/public/index.php(49): Illuminate\Foundation\Application->run()
#17 /home/linroid/www/sky31/radio/server.php(20): require_once('/home/linroid/w...')
#18 {main} [] []
[2014-12-31 21:04:20] local.ERROR: exception 'Symfony\Component\HttpKernel\Exception\NotFoundHttpException' with message 'Controller method not found.' in /home/linroid/www/sky31/radio/vendor/laravel/framework/src/Illuminate/Routing/Controller.php:254
Stack trace:
#0 [internal function]: Illuminate\Routing\Controller->missingMethod(Array)
#1 /home/linroid/www/sky31/radio/vendor/laravel/framework/src/Illuminate/Routing/Controller.php(231): call_user_func_array(Array, Array)
#2 /home/linroid/www/sky31/radio/vendor/laravel/framework/src/Illuminate/Routing/ControllerDispatcher.php(93): Illuminate\Routing\Controller->callAction('missingMethod', Array)
#3 /home/linroid/www/sky31/radio/vendor/laravel/framework/src/Illuminate/Routing/ControllerDispatcher.php(62): Illuminate\Routing\ControllerDispatcher->call(Object(HomeController), Object(Illuminate\Routing\Route), 'missingMethod')
#4 /home/linroid/www/sky31/radio/vendor/laravel/framework/src/Illuminate/Routing/Router.php(962): Illuminate\Routing\ControllerDispatcher->dispatch(Object(Illuminate\Routing\Route), Object(Illuminate\Http\Request), 'HomeController', 'missingMethod')
#5 [internal function]: Illuminate\Routing\Router->Illuminate\Routing\{closure}(Array)
#6 /home/linroid/www/sky31/radio/vendor/laravel/framework/src/Illuminate/Routing/Route.php(109): call_user_func_array(Object(Closure), Array)
#7 /home/linroid/www/sky31/radio/vendor/laravel/framework/src/Illuminate/Routing/Router.php(1028): Illuminate\Routing\Route->run(Object(Illuminate\Http\Request))
#8 /home/linroid/www/sky31/radio/vendor/laravel/framework/src/Illuminate/Routing/Router.php(996): Illuminate\Routing\Router->dispatchToRoute(Object(Illuminate\Http\Request))
#9 /home/linroid/www/sky31/radio/vendor/laravel/framework/src/Illuminate/Foundation/Application.php(775): Illuminate\Routing\Router->dispatch(Object(Illuminate\Http\Request))
#10 /home/linroid/www/sky31/radio/vendor/laravel/framework/src/Illuminate/Foundation/Application.php(745): Illuminate\Foundation\Application->dispatch(Object(Illuminate\Http\Request))
#11 /home/linroid/www/sky31/radio/vendor/laravel/framework/src/Illuminate/Session/Middleware.php(72): Illuminate\Foundation\Application->handle(Object(Illuminate\Http\Request), 1, true)
#12 /home/linroid/www/sky31/radio/vendor/laravel/framework/src/Illuminate/Cookie/Queue.php(47): Illuminate\Session\Middleware->handle(Object(Illuminate\Http\Request), 1, true)
#13 /home/linroid/www/sky31/radio/vendor/laravel/framework/src/Illuminate/Cookie/Guard.php(51): Illuminate\Cookie\Queue->handle(Object(Illuminate\Http\Request), 1, true)
#14 /home/linroid/www/sky31/radio/vendor/stack/builder/src/Stack/StackedHttpKernel.php(23): Illuminate\Cookie\Guard->handle(Object(Illuminate\Http\Request), 1, true)
#15 /home/linroid/www/sky31/radio/vendor/laravel/framework/src/Illuminate/Foundation/Application.php(641): Stack\StackedHttpKernel->handle(Object(Illuminate\Http\Request))
#16 /home/linroid/www/sky31/radio/public/index.php(49): Illuminate\Foundation\Application->run()
#17 /home/linroid/www/sky31/radio/server.php(20): require_once('/home/linroid/w...')
#18 {main} [] []
[2014-12-31 21:07:16] local.ERROR: exception 'Symfony\Component\HttpKernel\Exception\NotFoundHttpException' with message 'Controller method not found.' in /home/linroid/www/sky31/radio/vendor/laravel/framework/src/Illuminate/Routing/Controller.php:254
Stack trace:
#0 [internal function]: Illuminate\Routing\Controller->missingMethod(Array)
#1 /home/linroid/www/sky31/radio/vendor/laravel/framework/src/Illuminate/Routing/Controller.php(231): call_user_func_array(Array, Array)
#2 /home/linroid/www/sky31/radio/vendor/laravel/framework/src/Illuminate/Routing/ControllerDispatcher.php(93): Illuminate\Routing\Controller->callAction('missingMethod', Array)
#3 /home/linroid/www/sky31/radio/vendor/laravel/framework/src/Illuminate/Routing/ControllerDispatcher.php(62): Illuminate\Routing\ControllerDispatcher->call(Object(HomeController), Object(Illuminate\Routing\Route), 'missingMethod')
#4 /home/linroid/www/sky31/radio/vendor/laravel/framework/src/Illuminate/Routing/Router.php(962): Illuminate\Routing\ControllerDispatcher->dispatch(Object(Illuminate\Routing\Route), Object(Illuminate\Http\Request), 'HomeController', 'missingMethod')
#5 [internal function]: Illuminate\Routing\Router->Illuminate\Routing\{closure}(Array)
#6 /home/linroid/www/sky31/radio/vendor/laravel/framework/src/Illuminate/Routing/Route.php(109): call_user_func_array(Object(Closure), Array)
#7 /home/linroid/www/sky31/radio/vendor/laravel/framework/src/Illuminate/Routing/Router.php(1028): Illuminate\Routing\Route->run(Object(Illuminate\Http\Request))
#8 /home/linroid/www/sky31/radio/vendor/laravel/framework/src/Illuminate/Routing/Router.php(996): Illuminate\Routing\Router->dispatchToRoute(Object(Illuminate\Http\Request))
#9 /home/linroid/www/sky31/radio/vendor/laravel/framework/src/Illuminate/Foundation/Application.php(775): Illuminate\Routing\Router->dispatch(Object(Illuminate\Http\Request))
#10 /home/linroid/www/sky31/radio/vendor/laravel/framework/src/Illuminate/Foundation/Application.php(745): Illuminate\Foundation\Application->dispatch(Object(Illuminate\Http\Request))
#11 /home/linroid/www/sky31/radio/vendor/laravel/framework/src/Illuminate/Session/Middleware.php(72): Illuminate\Foundation\Application->handle(Object(Illuminate\Http\Request), 1, true)
#12 /home/linroid/www/sky31/radio/vendor/laravel/framework/src/Illuminate/Cookie/Queue.php(47): Illuminate\Session\Middleware->handle(Object(Illuminate\Http\Request), 1, true)
#13 /home/linroid/www/sky31/radio/vendor/laravel/framework/src/Illuminate/Cookie/Guard.php(51): Illuminate\Cookie\Queue->handle(Object(Illuminate\Http\Request), 1, true)
#14 /home/linroid/www/sky31/radio/vendor/stack/builder/src/Stack/StackedHttpKernel.php(23): Illuminate\Cookie\Guard->handle(Object(Illuminate\Http\Request), 1, true)
#15 /home/linroid/www/sky31/radio/vendor/laravel/framework/src/Illuminate/Foundation/Application.php(641): Stack\StackedHttpKernel->handle(Object(Illuminate\Http\Request))
#16 /home/linroid/www/sky31/radio/public/index.php(49): Illuminate\Foundation\Application->run()
#17 /home/linroid/www/sky31/radio/server.php(20): require_once('/home/linroid/w...')
#18 {main} [] []
[2014-12-31 21:26:42] local.ERROR: exception 'Symfony\Component\HttpKernel\Exception\NotFoundHttpException' with message 'Controller method not found.' in /home/linroid/www/sky31/radio/vendor/laravel/framework/src/Illuminate/Routing/Controller.php:254
Stack trace:
#0 [internal function]: Illuminate\Routing\Controller->missingMethod(Array)
#1 /home/linroid/www/sky31/radio/vendor/laravel/framework/src/Illuminate/Routing/Controller.php(231): call_user_func_array(Array, Array)
#2 /home/linroid/www/sky31/radio/vendor/laravel/framework/src/Illuminate/Routing/ControllerDispatcher.php(93): Illuminate\Routing\Controller->callAction('missingMethod', Array)
#3 /home/linroid/www/sky31/radio/vendor/laravel/framework/src/Illuminate/Routing/ControllerDispatcher.php(62): Illuminate\Routing\ControllerDispatcher->call(Object(HomeController), Object(Illuminate\Routing\Route), 'missingMethod')
#4 /home/linroid/www/sky31/radio/vendor/laravel/framework/src/Illuminate/Routing/Router.php(962): Illuminate\Routing\ControllerDispatcher->dispatch(Object(Illuminate\Routing\Route), Object(Illuminate\Http\Request), 'HomeController', 'missingMethod')
#5 [internal function]: Illuminate\Routing\Router->Illuminate\Routing\{closure}(Array)
#6 /home/linroid/www/sky31/radio/vendor/laravel/framework/src/Illuminate/Routing/Route.php(109): call_user_func_array(Object(Closure), Array)
#7 /home/linroid/www/sky31/radio/vendor/laravel/framework/src/Illuminate/Routing/Router.php(1028): Illuminate\Routing\Route->run(Object(Illuminate\Http\Request))
#8 /home/linroid/www/sky31/radio/vendor/laravel/framework/src/Illuminate/Routing/Router.php(996): Illuminate\Routing\Router->dispatchToRoute(Object(Illuminate\Http\Request))
#9 /home/linroid/www/sky31/radio/vendor/laravel/framework/src/Illuminate/Foundation/Application.php(775): Illuminate\Routing\Router->dispatch(Object(Illuminate\Http\Request))
#10 /home/linroid/www/sky31/radio/vendor/laravel/framework/src/Illuminate/Foundation/Application.php(745): Illuminate\Foundation\Application->dispatch(Object(Illuminate\Http\Request))
#11 /home/linroid/www/sky31/radio/vendor/laravel/framework/src/Illuminate/Session/Middleware.php(72): Illuminate\Foundation\Application->handle(Object(Illuminate\Http\Request), 1, true)
#12 /home/linroid/www/sky31/radio/vendor/laravel/framework/src/Illuminate/Cookie/Queue.php(47): Illuminate\Session\Middleware->handle(Object(Illuminate\Http\Request), 1, true)
#13 /home/linroid/www/sky31/radio/vendor/laravel/framework/src/Illuminate/Cookie/Guard.php(51): Illuminate\Cookie\Queue->handle(Object(Illuminate\Http\Request), 1, true)
#14 /home/linroid/www/sky31/radio/vendor/stack/builder/src/Stack/StackedHttpKernel.php(23): Illuminate\Cookie\Guard->handle(Object(Illuminate\Http\Request), 1, true)
#15 /home/linroid/www/sky31/radio/vendor/laravel/framework/src/Illuminate/Foundation/Application.php(641): Stack\StackedHttpKernel->handle(Object(Illuminate\Http\Request))
#16 /home/linroid/www/sky31/radio/public/index.php(49): Illuminate\Foundation\Application->run()
#17 /home/linroid/www/sky31/radio/server.php(20): require_once('/home/linroid/w...')
#18 {main} [] []
[2015-01-01 01:33:44] local.ERROR: exception 'InvalidArgumentException' with message 'View [index] not found.' in /home/linroid/www/sky31/radio/vendor/laravel/framework/src/Illuminate/View/FileViewFinder.php:146
Stack trace:
#0 /home/linroid/www/sky31/radio/vendor/laravel/framework/src/Illuminate/View/FileViewFinder.php(83): Illuminate\View\FileViewFinder->findInPaths('index', Array)
#1 /home/linroid/www/sky31/radio/vendor/laravel/framework/src/Illuminate/View/Factory.php(124): Illuminate\View\FileViewFinder->find('index')
#2 /home/linroid/www/sky31/radio/vendor/laravel/framework/src/Illuminate/Support/Facades/Facade.php(208): Illuminate\View\Factory->make('index')
#3 /home/linroid/www/sky31/radio/app/controllers/HomeController.php(22): Illuminate\Support\Facades\Facade::__callStatic('make', Array)
#4 /home/linroid/www/sky31/radio/app/controllers/HomeController.php(22): Illuminate\Support\Facades\View::make('index')
#5 [internal function]: HomeController->getIndex()
#6 /home/linroid/www/sky31/radio/vendor/laravel/framework/src/Illuminate/Routing/Controller.php(231): call_user_func_array(Array, Array)
#7 /home/linroid/www/sky31/radio/vendor/laravel/framework/src/Illuminate/Routing/ControllerDispatcher.php(93): Illuminate\Routing\Controller->callAction('getIndex', Array)
#8 /home/linroid/www/sky31/radio/vendor/laravel/framework/src/Illuminate/Routing/ControllerDispatcher.php(62): Illuminate\Routing\ControllerDispatcher->call(Object(HomeController), Object(Illuminate\Routing\Route), 'getIndex')
#9 /home/linroid/www/sky31/radio/vendor/laravel/framework/src/Illuminate/Routing/Router.php(962): Illuminate\Routing\ControllerDispatcher->dispatch(Object(Illuminate\Routing\Route), Object(Illuminate\Http\Request), 'HomeController', 'getIndex')
#10 [internal function]: Illuminate\Routing\Router->Illuminate\Routing\{closure}()
#11 /home/linroid/www/sky31/radio/vendor/laravel/framework/src/Illuminate/Routing/Route.php(109): call_user_func_array(Object(Closure), Array)
#12 /home/linroid/www/sky31/radio/vendor/laravel/framework/src/Illuminate/Routing/Router.php(1028): Illuminate\Routing\Route->run(Object(Illuminate\Http\Request))
#13 /home/linroid/www/sky31/radio/vendor/laravel/framework/src/Illuminate/Routing/Router.php(996): Illuminate\Routing\Router->dispatchToRoute(Object(Illuminate\Http\Request))
#14 /home/linroid/www/sky31/radio/vendor/laravel/framework/src/Illuminate/Foundation/Application.php(775): Illuminate\Routing\Router->dispatch(Object(Illuminate\Http\Request))
#15 /home/linroid/www/sky31/radio/vendor/laravel/framework/src/Illuminate/Foundation/Application.php(745): Illuminate\Foundation\Application->dispatch(Object(Illuminate\Http\Request))
#16 /home/linroid/www/sky31/radio/vendor/laravel/framework/src/Illuminate/Session/Middleware.php(72): Illuminate\Foundation\Application->handle(Object(Illuminate\Http\Request), 1, true)
#17 /home/linroid/www/sky31/radio/vendor/laravel/framework/src/Illuminate/Cookie/Queue.php(47): Illuminate\Session\Middleware->handle(Object(Illuminate\Http\Request), 1, true)
#18 /home/linroid/www/sky31/radio/vendor/laravel/framework/src/Illuminate/Cookie/Guard.php(51): Illuminate\Cookie\Queue->handle(Object(Illuminate\Http\Request), 1, true)
#19 /home/linroid/www/sky31/radio/vendor/stack/builder/src/Stack/StackedHttpKernel.php(23): Illuminate\Cookie\Guard->handle(Object(Illuminate\Http\Request), 1, true)
#20 /home/linroid/www/sky31/radio/vendor/laravel/framework/src/Illuminate/Foundation/Application.php(641): Stack\StackedHttpKernel->handle(Object(Illuminate\Http\Request))
#21 /home/linroid/www/sky31/radio/public/index.php(49): Illuminate\Foundation\Application->run()
#22 /home/linroid/www/sky31/radio/server.php(20): require_once('/home/linroid/w...')
#23 {main} [] []
[2015-01-01 01:33:57] local.ERROR: exception 'PDOException' with message 'SQLSTATE[42S22]: Column not found: 1054 Unknown column 'created' in 'order clause'' in /home/linroid/www/sky31/radio/vendor/laravel/framework/src/Illuminate/Database/Connection.php:299
Stack trace:
#0 /home/linroid/www/sky31/radio/vendor/laravel/framework/src/Illuminate/Database/Connection.php(299): PDO->prepare('select * from `...')
#1 /home/linroid/www/sky31/radio/vendor/laravel/framework/src/Illuminate/Database/Connection.php(617): Illuminate\Database\Connection->Illuminate\Database\{closure}(Object(Illuminate\Database\MySqlConnection), 'select * from `...', Array)
#2 /home/linroid/www/sky31/radio/vendor/laravel/framework/src/Illuminate/Database/Connection.php(581): Illuminate\Database\Connection->runQueryCallback('select * from `...', Array, Object(Closure))
#3 /home/linroid/www/sky31/radio/vendor/laravel/framework/src/Illuminate/Database/Connection.php(304): Illuminate\Database\Connection->run('select * from `...', Array, Object(Closure))
#4 /home/linroid/www/sky31/radio/vendor/laravel/framework/src/Illuminate/Database/Query/Builder.php(1359): Illuminate\Database\Connection->select('select * from `...', Array)
#5 /home/linroid/www/sky31/radio/vendor/laravel/framework/src/Illuminate/Database/Query/Builder.php(1349): Illuminate\Database\Query\Builder->runSelect()
#6 /home/linroid/www/sky31/radio/vendor/laravel/framework/src/Illuminate/Database/Query/Builder.php(1336): Illuminate\Database\Query\Builder->getFresh(Array)
#7 /home/linroid/www/sky31/radio/vendor/laravel/framework/src/Illuminate/Database/Eloquent/Builder.php(411): Illuminate\Database\Query\Builder->get(Array)
#8 /home/linroid/www/sky31/radio/vendor/laravel/framework/src/Illuminate/Database/Eloquent/Builder.php(151): Illuminate\Database\Eloquent\Builder->getModels(Array)
#9 /home/linroid/www/sky31/radio/vendor/laravel/framework/src/Illuminate/Database/Eloquent/Builder.php(283): Illuminate\Database\Eloquent\Builder->get(Array)
#10 /home/linroid/www/sky31/radio/vendor/laravel/framework/src/Illuminate/Database/Eloquent/Builder.php(246): Illuminate\Database\Eloquent\Builder->ungroupedPaginate(Object(Illuminate\Pagination\Factory), 30, Array)
#11 /home/linroid/www/sky31/radio/app/controllers/Admin/LuckyController.php(18): Illuminate\Database\Eloquent\Builder->paginate(30)
#12 [internal function]: Admin\LuckyController->index()
#13 /home/linroid/www/sky31/radio/vendor/laravel/framework/src/Illuminate/Routing/Controller.php(231): call_user_func_array(Array, Array)
#14 /home/linroid/www/sky31/radio/vendor/laravel/framework/src/Illuminate/Routing/ControllerDispatcher.php(93): Illuminate\Routing\Controller->callAction('index', Array)
#15 /home/linroid/www/sky31/radio/vendor/laravel/framework/src/Illuminate/Routing/ControllerDispatcher.php(62): Illuminate\Routing\ControllerDispatcher->call(Object(Admin\LuckyController), Object(Illuminate\Routing\Route), 'index')
#16 /home/linroid/www/sky31/radio/vendor/laravel/framework/src/Illuminate/Routing/Router.php(962): Illuminate\Routing\ControllerDispatcher->dispatch(Object(Illuminate\Routing\Route), Object(Illuminate\Http\Request), 'Admin\\LuckyCont...', 'index')
#17 [internal function]: Illuminate\Routing\Router->Illuminate\Routing\{closure}()
#18 /home/linroid/www/sky31/radio/vendor/laravel/framework/src/Illuminate/Routing/Route.php(109): call_user_func_array(Object(Closure), Array)
#19 /home/linroid/www/sky31/radio/vendor/laravel/framework/src/Illuminate/Routing/Router.php(1028): Illuminate\Routing\Route->run(Object(Illuminate\Http\Request))
#20 /home/linroid/www/sky31/radio/vendor/laravel/framework/src/Illuminate/Routing/Router.php(996): Illuminate\Routing\Router->dispatchToRoute(Object(Illuminate\Http\Request))
#21 /home/linroid/www/sky31/radio/vendor/laravel/framework/src/Illuminate/Foundation/Application.php(775): Illuminate\Routing\Router->dispatch(Object(Illuminate\Http\Request))
#22 /home/linroid/www/sky31/radio/vendor/laravel/framework/src/Illuminate/Foundation/Application.php(745): Illuminate\Foundation\Application->dispatch(Object(Illuminate\Http\Request))
#23 /home/linroid/www/sky31/radio/vendor/laravel/framework/src/Illuminate/Session/Middleware.php(72): Illuminate\Foundation\Application->handle(Object(Illuminate\Http\Request), 1, true)
#24 /home/linroid/www/sky31/radio/vendor/laravel/framework/src/Illuminate/Cookie/Queue.php(47): Illuminate\Session\Middleware->handle(Object(Illuminate\Http\Request), 1, true)
#25 /home/linroid/www/sky31/radio/vendor/laravel/framework/src/Illuminate/Cookie/Guard.php(51): Illuminate\Cookie\Queue->handle(Object(Illuminate\Http\Request), 1, true)
#26 /home/linroid/www/sky31/radio/vendor/stack/builder/src/Stack/StackedHttpKernel.php(23): Illuminate\Cookie\Guard->handle(Object(Illuminate\Http\Request), 1, true)
#27 /home/linroid/www/sky31/radio/vendor/laravel/framework/src/Illuminate/Foundation/Application.php(641): Stack\StackedHttpKernel->handle(Object(Illuminate\Http\Request))
#28 /home/linroid/www/sky31/radio/public/index.php(49): Illuminate\Foundation\Application->run()
#29 /home/linroid/www/sky31/radio/server.php(20): require_once('/home/linroid/w...')
#30 {main}

Next exception 'Illuminate\Database\QueryException' with message 'SQLSTATE[42S22]: Column not found: 1054 Unknown column 'created' in 'order clause' (SQL: select * from `radio_visitors` where `lucky_key` is not null order by `created` desc limit 30 offset 0)' in /home/linroid/www/sky31/radio/vendor/laravel/framework/src/Illuminate/Database/Connection.php:625
Stack trace:
#0 /home/linroid/www/sky31/radio/vendor/laravel/framework/src/Illuminate/Database/Connection.php(581): Illuminate\Database\Connection->runQueryCallback('select * from `...', Array, Object(Closure))
#1 /home/linroid/www/sky31/radio/vendor/laravel/framework/src/Illuminate/Database/Connection.php(304): Illuminate\Database\Connection->run('select * from `...', Array, Object(Closure))
#2 /home/linroid/www/sky31/radio/vendor/laravel/framework/src/Illuminate/Database/Query/Builder.php(1359): Illuminate\Database\Connection->select('select * from `...', Array)
#3 /home/linroid/www/sky31/radio/vendor/laravel/framework/src/Illuminate/Database/Query/Builder.php(1349): Illuminate\Database\Query\Builder->runSelect()
#4 /home/linroid/www/sky31/radio/vendor/laravel/framework/src/Illuminate/Database/Query/Builder.php(1336): Illuminate\Database\Query\Builder->getFresh(Array)
#5 /home/linroid/www/sky31/radio/vendor/laravel/framework/src/Illuminate/Database/Eloquent/Builder.php(411): Illuminate\Database\Query\Builder->get(Array)
#6 /home/linroid/www/sky31/radio/vendor/laravel/framework/src/Illuminate/Database/Eloquent/Builder.php(151): Illuminate\Database\Eloquent\Builder->getModels(Array)
#7 /home/linroid/www/sky31/radio/vendor/laravel/framework/src/Illuminate/Database/Eloquent/Builder.php(283): Illuminate\Database\Eloquent\Builder->get(Array)
#8 /home/linroid/www/sky31/radio/vendor/laravel/framework/src/Illuminate/Database/Eloquent/Builder.php(246): Illuminate\Database\Eloquent\Builder->ungroupedPaginate(Object(Illuminate\Pagination\Factory), 30, Array)
#9 /home/linroid/www/sky31/radio/app/controllers/Admin/LuckyController.php(18): Illuminate\Database\Eloquent\Builder->paginate(30)
#10 [internal function]: Admin\LuckyController->index()
#11 /home/linroid/www/sky31/radio/vendor/laravel/framework/src/Illuminate/Routing/Controller.php(231): call_user_func_array(Array, Array)
#12 /home/linroid/www/sky31/radio/vendor/laravel/framework/src/Illuminate/Routing/ControllerDispatcher.php(93): Illuminate\Routing\Controller->callAction('index', Array)
#13 /home/linroid/www/sky31/radio/vendor/laravel/framework/src/Illuminate/Routing/ControllerDispatcher.php(62): Illuminate\Routing\ControllerDispatcher->call(Object(Admin\LuckyController), Object(Illuminate\Routing\Route), 'index')
#14 /home/linroid/www/sky31/radio/vendor/laravel/framework/src/Illuminate/Routing/Router.php(962): Illuminate\Routing\ControllerDispatcher->dispatch(Object(Illuminate\Routing\Route), Object(Illuminate\Http\Request), 'Admin\\LuckyCont...', 'index')
#15 [internal function]: Illuminate\Routing\Router->Illuminate\Routing\{closure}()
#16 /home/linroid/www/sky31/radio/vendor/laravel/framework/src/Illuminate/Routing/Route.php(109): call_user_func_array(Object(Closure), Array)
#17 /home/linroid/www/sky31/radio/vendor/laravel/framework/src/Illuminate/Routing/Router.php(1028): Illuminate\Routing\Route->run(Object(Illuminate\Http\Request))
#18 /home/linroid/www/sky31/radio/vendor/laravel/framework/src/Illuminate/Routing/Router.php(996): Illuminate\Routing\Router->dispatchToRoute(Object(Illuminate\Http\Request))
#19 /home/linroid/www/sky31/radio/vendor/laravel/framework/src/Illuminate/Foundation/Application.php(775): Illuminate\Routing\Router->dispatch(Object(Illuminate\Http\Request))
#20 /home/linroid/www/sky31/radio/vendor/laravel/framework/src/Illuminate/Foundation/Application.php(745): Illuminate\Foundation\Application->dispatch(Object(Illuminate\Http\Request))
#21 /home/linroid/www/sky31/radio/vendor/laravel/framework/src/Illuminate/Session/Middleware.php(72): Illuminate\Foundation\Application->handle(Object(Illuminate\Http\Request), 1, true)
#22 /home/linroid/www/sky31/radio/vendor/laravel/framework/src/Illuminate/Cookie/Queue.php(47): Illuminate\Session\Middleware->handle(Object(Illuminate\Http\Request), 1, true)
#23 /home/linroid/www/sky31/radio/vendor/laravel/framework/src/Illuminate/Cookie/Guard.php(51): Illuminate\Cookie\Queue->handle(Object(Illuminate\Http\Request), 1, true)
#24 /home/linroid/www/sky31/radio/vendor/stack/builder/src/Stack/StackedHttpKernel.php(23): Illuminate\Cookie\Guard->handle(Object(Illuminate\Http\Request), 1, true)
#25 /home/linroid/www/sky31/radio/vendor/laravel/framework/src/Illuminate/Foundation/Application.php(641): Stack\StackedHttpKernel->handle(Object(Illuminate\Http\Request))
#26 /home/linroid/www/sky31/radio/public/index.php(49): Illuminate\Foundation\Application->run()
#27 /home/linroid/www/sky31/radio/server.php(20): require_once('/home/linroid/w...')
#28 {main} [] []
[2015-01-01 01:34:41] local.ERROR: exception 'ErrorException' with message 'Undefined variable: program' in /home/linroid/www/sky31/radio/app/storage/views/f5b9141c912666d8d11fc2471d71b23d:23
Stack trace:
#0 /home/linroid/www/sky31/radio/app/storage/views/f5b9141c912666d8d11fc2471d71b23d(23): Illuminate\Exception\Handler->handleError(8, 'Undefined varia...', '/home/linroid/w...', 23, Array)
#1 /home/linroid/www/sky31/radio/vendor/laravel/framework/src/Illuminate/View/Engines/PhpEngine.php(37): include('/home/linroid/w...')
#2 /home/linroid/www/sky31/radio/vendor/laravel/framework/src/Illuminate/View/Engines/CompilerEngine.php(56): Illuminate\View\Engines\PhpEngine->evaluatePath('/home/linroid/w...', Array)
#3 /home/linroid/www/sky31/radio/vendor/laravel/framework/src/Illuminate/View/View.php(134): Illuminate\View\Engines\CompilerEngine->get('/home/linroid/w...', Array)
#4 /home/linroid/www/sky31/radio/vendor/laravel/framework/src/Illuminate/View/View.php(102): Illuminate\View\View->getContents()
#5 /home/linroid/www/sky31/radio/vendor/laravel/framework/src/Illuminate/View/View.php(76): Illuminate\View\View->renderContents()
#6 /home/linroid/www/sky31/radio/vendor/laravel/framework/src/Illuminate/Http/Response.php(43): Illuminate\View\View->render()
#7 /home/linroid/www/sky31/radio/vendor/symfony/http-foundation/Symfony/Component/HttpFoundation/Response.php(202): Illuminate\Http\Response->setContent(Object(Illuminate\View\View))
#8 /home/linroid/www/sky31/radio/vendor/laravel/framework/src/Illuminate/Routing/Router.php(1496): Symfony\Component\HttpFoundation\Response->__construct(Object(Illuminate\View\View))
#9 /home/linroid/www/sky31/radio/vendor/laravel/framework/src/Illuminate/Routing/Router.php(1031): Illuminate\Routing\Router->prepareResponse(Object(Illuminate\Http\Request), Object(Illuminate\View\View))
#10 /home/linroid/www/sky31/radio/vendor/laravel/framework/src/Illuminate/Routing/Router.php(996): Illuminate\Routing\Router->dispatchToRoute(Object(Illuminate\Http\Request))
#11 /home/linroid/www/sky31/radio/vendor/laravel/framework/src/Illuminate/Foundation/Application.php(775): Illuminate\Routing\Router->dispatch(Object(Illuminate\Http\Request))
#12 /home/linroid/www/sky31/radio/vendor/laravel/framework/src/Illuminate/Foundation/Application.php(745): Illuminate\Foundation\Application->dispatch(Object(Illuminate\Http\Request))
#13 /home/linroid/www/sky31/radio/vendor/laravel/framework/src/Illuminate/Session/Middleware.php(72): Illuminate\Foundation\Application->handle(Object(Illuminate\Http\Request), 1, true)
#14 /home/linroid/www/sky31/radio/vendor/laravel/framework/src/Illuminate/Cookie/Queue.php(47): Illuminate\Session\Middleware->handle(Object(Illuminate\Http\Request), 1, true)
#15 /home/linroid/www/sky31/radio/vendor/laravel/framework/src/Illuminate/Cookie/Guard.php(51): Illuminate\Cookie\Queue->handle(Object(Illuminate\Http\Request), 1, true)
#16 /home/linroid/www/sky31/radio/vendor/stack/builder/src/Stack/StackedHttpKernel.php(23): Illuminate\Cookie\Guard->handle(Object(Illuminate\Http\Request), 1, true)
#17 /home/linroid/www/sky31/radio/vendor/laravel/framework/src/Illuminate/Foundation/Application.php(641): Stack\StackedHttpKernel->handle(Object(Illuminate\Http\Request))
#18 /home/linroid/www/sky31/radio/public/index.php(49): Illuminate\Foundation\Application->run()
#19 /home/linroid/www/sky31/radio/server.php(20): require_once('/home/linroid/w...')
#20 {main}

Next exception 'ErrorException' with message 'Undefined variable: program (View: /home/linroid/www/sky31/radio/app/views/admin/lucky/index.blade.php)' in /home/linroid/www/sky31/radio/app/storage/views/f5b9141c912666d8d11fc2471d71b23d:23
Stack trace:
#0 /home/linroid/www/sky31/radio/vendor/laravel/framework/src/Illuminate/View/Engines/PhpEngine.php(41): Illuminate\View\Engines\CompilerEngine->handleViewException(Object(ErrorException), 1)
#1 /home/linroid/www/sky31/radio/vendor/laravel/framework/src/Illuminate/View/Engines/CompilerEngine.php(56): Illuminate\View\Engines\PhpEngine->evaluatePath('/home/linroid/w...', Array)
#2 /home/linroid/www/sky31/radio/vendor/laravel/framework/src/Illuminate/View/View.php(134): Illuminate\View\Engines\CompilerEngine->get('/home/linroid/w...', Array)
#3 /home/linroid/www/sky31/radio/vendor/laravel/framework/src/Illuminate/View/View.php(102): Illuminate\View\View->getContents()
#4 /home/linroid/www/sky31/radio/vendor/laravel/framework/src/Illuminate/View/View.php(76): Illuminate\View\View->renderContents()
#5 /home/linroid/www/sky31/radio/vendor/laravel/framework/src/Illuminate/Http/Response.php(43): Illuminate\View\View->render()
#6 /home/linroid/www/sky31/radio/vendor/symfony/http-foundation/Symfony/Component/HttpFoundation/Response.php(202): Illuminate\Http\Response->setContent(Object(Illuminate\View\View))
#7 /home/linroid/www/sky31/radio/vendor/laravel/framework/src/Illuminate/Routing/Router.php(1496): Symfony\Component\HttpFoundation\Response->__construct(Object(Illuminate\View\View))
#8 /home/linroid/www/sky31/radio/vendor/laravel/framework/src/Illuminate/Routing/Router.php(1031): Illuminate\Routing\Router->prepareResponse(Object(Illuminate\Http\Request), Object(Illuminate\View\View))
#9 /home/linroid/www/sky31/radio/vendor/laravel/framework/src/Illuminate/Routing/Router.php(996): Illuminate\Routing\Router->dispatchToRoute(Object(Illuminate\Http\Request))
#10 /home/linroid/www/sky31/radio/vendor/laravel/framework/src/Illuminate/Foundation/Application.php(775): Illuminate\Routing\Router->dispatch(Object(Illuminate\Http\Request))
#11 /home/linroid/www/sky31/radio/vendor/laravel/framework/src/Illuminate/Foundation/Application.php(745): Illuminate\Foundation\Application->dispatch(Object(Illuminate\Http\Request))
#12 /home/linroid/www/sky31/radio/vendor/laravel/framework/src/Illuminate/Session/Middleware.php(72): Illuminate\Foundation\Application->handle(Object(Illuminate\Http\Request), 1, true)
#13 /home/linroid/www/sky31/radio/vendor/laravel/framework/src/Illuminate/Cookie/Queue.php(47): Illuminate\Session\Middleware->handle(Object(Illuminate\Http\Request), 1, true)
#14 /home/linroid/www/sky31/radio/vendor/laravel/framework/src/Illuminate/Cookie/Guard.php(51): Illuminate\Cookie\Queue->handle(Object(Illuminate\Http\Request), 1, true)
#15 /home/linroid/www/sky31/radio/vendor/stack/builder/src/Stack/StackedHttpKernel.php(23): Illuminate\Cookie\Guard->handle(Object(Illuminate\Http\Request), 1, true)
#16 /home/linroid/www/sky31/radio/vendor/laravel/framework/src/Illuminate/Foundation/Application.php(641): Stack\StackedHttpKernel->handle(Object(Illuminate\Http\Request))
#17 /home/linroid/www/sky31/radio/public/index.php(49): Illuminate\Foundation\Application->run()
#18 /home/linroid/www/sky31/radio/server.php(20): require_once('/home/linroid/w...')
#19 {main} [] []
